
2023-03-24 09:43:50 Apache Commons Daemon procrun stderr initialized.
24-Mar-2023 09:43:51.628 INFO [main] org.apache.catalina.startup.VersionLoggerListener.log Server version name:   Apache Tomcat/8.5.87
24-Mar-2023 09:43:51.633 INFO [main] org.apache.catalina.startup.VersionLoggerListener.log Server built:          Feb 27 2023 19:32:33 UTC
24-Mar-2023 09:43:51.633 INFO [main] org.apache.catalina.startup.VersionLoggerListener.log Server version number: 8.5.87.0
24-Mar-2023 09:43:51.633 INFO [main] org.apache.catalina.startup.VersionLoggerListener.log OS Name:               Windows 11
24-Mar-2023 09:43:51.634 INFO [main] org.apache.catalina.startup.VersionLoggerListener.log OS Version:            10.0
24-Mar-2023 09:43:51.634 INFO [main] org.apache.catalina.startup.VersionLoggerListener.log Architecture:          amd64
24-Mar-2023 09:43:51.634 INFO [main] org.apache.catalina.startup.VersionLoggerListener.log Java Home:             C:\Program Files\Java\jdk-19
24-Mar-2023 09:43:51.634 INFO [main] org.apache.catalina.startup.VersionLoggerListener.log JVM Version:           19.0.2+7-44
24-Mar-2023 09:43:51.634 INFO [main] org.apache.catalina.startup.VersionLoggerListener.log JVM Vendor:            Oracle Corporation
24-Mar-2023 09:43:51.634 INFO [main] org.apache.catalina.startup.VersionLoggerListener.log CATALINA_BASE:         C:\Users\65877\NTU\FYP\ntu-scse22-0163-web\tomcat
24-Mar-2023 09:43:51.634 INFO [main] org.apache.catalina.startup.VersionLoggerListener.log CATALINA_HOME:         C:\Users\65877\NTU\FYP\ntu-scse22-0163-web\tomcat
24-Mar-2023 09:43:51.635 INFO [main] org.apache.catalina.startup.VersionLoggerListener.log Command line argument: -Dcatalina.home=C:\Users\65877\NTU\FYP\ntu-scse22-0163-web\tomcat
24-Mar-2023 09:43:51.635 INFO [main] org.apache.catalina.startup.VersionLoggerListener.log Command line argument: -Dcatalina.base=C:\Users\65877\NTU\FYP\ntu-scse22-0163-web\tomcat
24-Mar-2023 09:43:51.635 INFO [main] org.apache.catalina.startup.VersionLoggerListener.log Command line argument: -Djava.io.tmpdir=C:\Users\65877\NTU\FYP\ntu-scse22-0163-web\tomcat\temp
24-Mar-2023 09:43:51.635 INFO [main] org.apache.catalina.startup.VersionLoggerListener.log Command line argument: -Djava.util.logging.manager=org.apache.juli.ClassLoaderLogManager
24-Mar-2023 09:43:51.635 INFO [main] org.apache.catalina.startup.VersionLoggerListener.log Command line argument: -Djava.util.logging.config.file=C:\Users\65877\NTU\FYP\ntu-scse22-0163-web\tomcat\conf\logging.properties
24-Mar-2023 09:43:51.638 INFO [main] org.apache.catalina.startup.VersionLoggerListener.log Command line argument: --add-opens=java.base/java.lang=ALL-UNNAMED
24-Mar-2023 09:43:51.638 INFO [main] org.apache.catalina.startup.VersionLoggerListener.log Command line argument: --add-opens=java.base/java.io=ALL-UNNAMED
24-Mar-2023 09:43:51.638 INFO [main] org.apache.catalina.startup.VersionLoggerListener.log Command line argument: --add-opens=java.rmi/sun.rmi.transport=ALL-UNNAMED
24-Mar-2023 09:43:51.638 INFO [main] org.apache.catalina.startup.VersionLoggerListener.log Command line argument: exit
24-Mar-2023 09:43:51.638 INFO [main] org.apache.catalina.startup.VersionLoggerListener.log Command line argument: abort
24-Mar-2023 09:43:51.638 INFO [main] org.apache.catalina.startup.VersionLoggerListener.log Command line argument: -Xms128m
24-Mar-2023 09:43:51.638 INFO [main] org.apache.catalina.startup.VersionLoggerListener.log Command line argument: -Xmx256m
24-Mar-2023 09:43:51.638 INFO [main] org.apache.catalina.core.AprLifecycleListener.lifecycleEvent Loaded Apache Tomcat Native library [1.2.36] using APR version [1.7.2].
24-Mar-2023 09:43:51.638 INFO [main] org.apache.catalina.core.AprLifecycleListener.lifecycleEvent APR capabilities: IPv6 [true], sendfile [true], accept filters [false], random [true], UDS [{4}].
24-Mar-2023 09:43:51.638 INFO [main] org.apache.catalina.core.AprLifecycleListener.lifecycleEvent APR/OpenSSL configuration: useAprConnector [false], useOpenSSL [true]
24-Mar-2023 09:43:51.648 INFO [main] org.apache.catalina.core.AprLifecycleListener.initializeSSL OpenSSL successfully initialized [OpenSSL 1.1.1t  7 Feb 2023]
24-Mar-2023 09:43:51.668 INFO [main] org.apache.coyote.AbstractProtocol.init Initializing ProtocolHandler ["http-nio-8080"]
24-Mar-2023 09:43:51.682 INFO [main] org.apache.catalina.startup.Catalina.load Initialization processed in 500 ms
24-Mar-2023 09:43:51.718 INFO [main] org.apache.catalina.core.StandardService.startInternal Starting service [Catalina]
24-Mar-2023 09:43:51.718 INFO [main] org.apache.catalina.core.StandardEngine.startInternal Starting Servlet engine: [Apache Tomcat/8.5.87]
24-Mar-2023 09:43:51.718 INFO [localhost-startStop-1] org.apache.catalina.startup.HostConfig.deployDirectory Deploying web application directory [C:\Users\65877\NTU\FYP\ntu-scse22-0163-web\tomcat\webapps\docs]
24-Mar-2023 09:43:54.073 WARNING [localhost-startStop-1] org.apache.catalina.util.SessionIdGeneratorBase.createSecureRandom Creation of SecureRandom instance for session ID generation using [SHA1PRNG] took [2,160] milliseconds.
24-Mar-2023 09:43:54.088 INFO [localhost-startStop-1] org.apache.catalina.startup.HostConfig.deployDirectory Deployment of web application directory [C:\Users\65877\NTU\FYP\ntu-scse22-0163-web\tomcat\webapps\docs] has finished in [2,370] ms
24-Mar-2023 09:43:54.088 INFO [localhost-startStop-1] org.apache.catalina.startup.HostConfig.deployDirectory Deploying web application directory [C:\Users\65877\NTU\FYP\ntu-scse22-0163-web\tomcat\webapps\examples]
24-Mar-2023 09:43:54.333 INFO [localhost-startStop-1] org.apache.catalina.startup.HostConfig.deployDirectory Deployment of web application directory [C:\Users\65877\NTU\FYP\ntu-scse22-0163-web\tomcat\webapps\examples] has finished in [245] ms
24-Mar-2023 09:43:54.333 INFO [localhost-startStop-1] org.apache.catalina.startup.HostConfig.deployDirectory Deploying web application directory [C:\Users\65877\NTU\FYP\ntu-scse22-0163-web\tomcat\webapps\host-manager]
24-Mar-2023 09:43:54.348 INFO [localhost-startStop-1] org.apache.catalina.startup.HostConfig.deployDirectory Deployment of web application directory [C:\Users\65877\NTU\FYP\ntu-scse22-0163-web\tomcat\webapps\host-manager] has finished in [15] ms
24-Mar-2023 09:43:54.348 INFO [localhost-startStop-1] org.apache.catalina.startup.HostConfig.deployDirectory Deploying web application directory [C:\Users\65877\NTU\FYP\ntu-scse22-0163-web\tomcat\webapps\manager]
24-Mar-2023 09:43:54.380 INFO [localhost-startStop-1] org.apache.catalina.startup.HostConfig.deployDirectory Deployment of web application directory [C:\Users\65877\NTU\FYP\ntu-scse22-0163-web\tomcat\webapps\manager] has finished in [32] ms
24-Mar-2023 09:43:54.380 INFO [localhost-startStop-1] org.apache.catalina.startup.HostConfig.deployDirectory Deploying web application directory [C:\Users\65877\NTU\FYP\ntu-scse22-0163-web\tomcat\webapps\ROOT]
24-Mar-2023 09:43:54.380 INFO [localhost-startStop-1] org.apache.catalina.startup.HostConfig.deployDirectory Deployment of web application directory [C:\Users\65877\NTU\FYP\ntu-scse22-0163-web\tomcat\webapps\ROOT] has finished in [0] ms
24-Mar-2023 09:43:54.380 INFO [main] org.apache.coyote.AbstractProtocol.start Starting ProtocolHandler ["http-nio-8080"]
24-Mar-2023 09:43:54.411 INFO [main] org.apache.catalina.startup.Catalina.start Server startup in 2733 ms
